<?xml version="1.0" encoding="UTF-8"?>
<!-- Generated by org.testng.reporters.JUnitReportReporter -->
<testsuite hostname="VWVITHLPUB2449" failures="0" tests="3" name="org.vw.qa.Testcases.OrangeHRMLoginTest" time="56.693" errors="0" timestamp="2024-07-22T18:39:14 IST" skipped="0">
  <testcase classname="org.vw.qa.Testcases.OrangeHRMLoginTest" name="loginTestB" time="36.627"/>
  <system-out/>
  <testcase classname="org.vw.qa.Testcases.OrangeHRMLoginTest" name="loginTest" time="10.057"/>
  <system-out/>
  <testcase classname="org.vw.qa.Testcases.OrangeHRMLoginTest" name="loginTestA" time="10.009"/>
  <system-out/>
</testsuite> <!-- org.vw.qa.Testcases.OrangeHRMLoginTest -->
