<?xml version="1.0" encoding="UTF-8"?>
<!-- Generated by org.testng.reporters.JUnitReportReporter -->
<testsuite hostname="VWVITHLPUB2449" failures="0" tests="3" name="org.vw.qa.Testcases.OrangeHRMLoginTest" time="33.731" errors="0" timestamp="2024-06-27T16:54:54 IST" skipped="0">
  <testcase classname="org.vw.qa.Testcases.OrangeHRMLoginTest" name="loginTest" time="9.296"/>
  <testcase classname="org.vw.qa.Testcases.OrangeHRMLoginTest" name="loginTestB" time="13.336"/>
  <testcase classname="org.vw.qa.Testcases.OrangeHRMLoginTest" name="loginTestA" time="11.099"/>
</testsuite> <!-- org.vw.qa.Testcases.OrangeHRMLoginTest -->
